{
  message: 'grpc server is running at 9102',
  level: 'info',
  timestamp: '2023-05-03T08:03:01.401Z',
  label: 'object_builder_service',
  metadata: {}
}
{
  message: 'autoconnecting to resources',
  level: 'info',
  timestamp: '2023-05-03T08:03:01.404Z',
  label: 'object_builder_service',
  metadata: {}
}
{
  message: 'storage.project.autoConnect: requested, {\n' +
    '  "request": {\n' +
    '    "k8s_namespace": "cp-region-type-id"\n' +
    '  }\n' +
    '}',
  level: 'debug',
  timestamp: '2023-05-03T08:03:01.404Z',
  label: 'object_builder_service',
  metadata: {}
}
{
  message: 'storage.project.reconnect: requested, {\n' +
    '  "service_type": "BUILDER_SERVICE",\n' +
    '  "resource_type": "MONGODB",\n' +
    '  "credentials": {\n' +
    '    "host": "161.35.26.178",\n' +
    '    "port": "27017",\n' +
    '    "username": "udevs_udevs_object_builder_service",\n' +
    '    "database": "udevs_udevs_object_builder_service",\n' +
    '    "password": "2kJ3jHZOrj"\n' +
    '  },\n' +
    '  "id": "382a69ce-7004-4400-bdd9-5dbdaba3fc00",\n' +
    '  "project_id": "382a69ce-7004-4400-bdd9-5dbdaba3fc00",\n' +
    '  "path": "k8s/ucode-test/aac3f893-04b0-4c2c-8510-23d135f51496/ffac2919-6094-4ad2-8935-9d944775db2a/2ac56dd3-74a7-43d1-830c-6788bbd2a9ff/MONGODB",\n' +
    '  "title": "Ucode Resource",\n' +
    '  "resource_id": "4249df6f-33cb-4df5-a369-c019e2d28bdf",\n' +
    '  "environment_id": "2ac56dd3-74a7-43d1-830c-6788bbd2a9ff",\n' +
    '  "version_id": ""\n' +
    '}',
  level: 'debug',
  timestamp: '2023-05-03T08:03:03.709Z',
  label: 'object_builder_service',
  metadata: {}
}
{
  message: 'connecting to mongodb: mongodb://udevs_udevs_object_builder_service:2kJ3jHZOrj@161.35.26.178:27017/udevs_udevs_object_builder_service',
  level: 'debug',
  timestamp: '2023-05-03T08:03:03.709Z',
  label: 'object_builder_service',
  metadata: {}
}
{
  message: 'connected to the database: mongodb://udevs_udevs_object_builder_service:2kJ3jHZOrj@161.35.26.178:27017/udevs_udevs_object_builder_service',
  level: 'info',
  timestamp: '2023-05-03T08:03:04.342Z',
  label: 'object_builder_service',
  metadata: {}
}
