{
  message: 'mongo connection error Authentication failed.',
  level: 'error',
  timestamp: '2023-01-26T07:34:48.074Z',
  label: 'object_builder_service',
  metadata: {
    ok: 0,
    code: 18,
    codeName: 'AuthenticationFailed',
    connectionGeneration: 0,
    stack: 'MongoServerError: Authentication failed.\n' +
      '    at Connection.onMessage (/home/tolib/Desktop/ucode/ucode_node_object_builder_service/node_modules/mongodb/lib/cmap/connection.js:230:30)\n' +
      '    at MessageStream.<anonymous> (/home/tolib/Desktop/ucode/ucode_node_object_builder_service/node_modules/mongodb/lib/cmap/connection.js:61:60)\n' +
      '    at MessageStream.emit (node:events:513:28)\n' +
      '    at processIncomingData (/home/tolib/Desktop/ucode/ucode_node_object_builder_service/node_modules/mongodb/lib/cmap/message_stream.js:125:16)\n' +
      '    at MessageStream._write (/home/tolib/Desktop/ucode/ucode_node_object_builder_service/node_modules/mongodb/lib/cmap/message_stream.js:33:9)\n' +
      '    at writeOrBuffer (node:internal/streams/writable:392:12)\n' +
      '    at _write (node:internal/streams/writable:333:10)\n' +
      '    at Writable.write (node:internal/streams/writable:337:10)\n' +
      '    at Socket.ondata (node:internal/streams/readable:766:22)\n' +
      '    at Socket.emit (node:events:513:28)\n' +
      '    at addChunk (node:internal/streams/readable:324:12)\n' +
      '    at readableAddChunk (node:internal/streams/readable:297:9)\n' +
      '    at Readable.push (node:internal/streams/readable:234:10)\n' +
      '    at TCP.onStreamRead (node:internal/stream_base_commons:190:23)'
  },
  [Symbol(errorLabels)]: Set(2) { 'HandshakeError', 'ResetPool' }
}
{
  message: 'mongo connection error Authentication failed.',
  level: 'error',
  timestamp: '2023-01-26T07:36:03.410Z',
  label: 'object_builder_service',
  metadata: {
    ok: 0,
    code: 18,
    codeName: 'AuthenticationFailed',
    connectionGeneration: 0,
    stack: 'MongoServerError: Authentication failed.\n' +
      '    at Connection.onMessage (/home/tolib/Desktop/ucode/ucode_node_object_builder_service/node_modules/mongodb/lib/cmap/connection.js:230:30)\n' +
      '    at MessageStream.<anonymous> (/home/tolib/Desktop/ucode/ucode_node_object_builder_service/node_modules/mongodb/lib/cmap/connection.js:61:60)\n' +
      '    at MessageStream.emit (node:events:513:28)\n' +
      '    at processIncomingData (/home/tolib/Desktop/ucode/ucode_node_object_builder_service/node_modules/mongodb/lib/cmap/message_stream.js:125:16)\n' +
      '    at MessageStream._write (/home/tolib/Desktop/ucode/ucode_node_object_builder_service/node_modules/mongodb/lib/cmap/message_stream.js:33:9)\n' +
      '    at writeOrBuffer (node:internal/streams/writable:392:12)\n' +
      '    at _write (node:internal/streams/writable:333:10)\n' +
      '    at Writable.write (node:internal/streams/writable:337:10)\n' +
      '    at Socket.ondata (node:internal/streams/readable:766:22)\n' +
      '    at Socket.emit (node:events:513:28)\n' +
      '    at addChunk (node:internal/streams/readable:324:12)\n' +
      '    at readableAddChunk (node:internal/streams/readable:297:9)\n' +
      '    at Readable.push (node:internal/streams/readable:234:10)\n' +
      '    at TCP.onStreamRead (node:internal/stream_base_commons:190:23)'
  },
  [Symbol(errorLabels)]: Set(2) { 'HandshakeError', 'ResetPool' }
}
{
  message: 'mongo connection error Authentication failed.',
  level: 'error',
  timestamp: '2023-01-26T07:44:03.824Z',
  label: 'object_builder_service',
  metadata: {
    ok: 0,
    code: 18,
    codeName: 'AuthenticationFailed',
    connectionGeneration: 0,
    stack: 'MongoServerError: Authentication failed.\n' +
      '    at Connection.onMessage (/home/tolib/Desktop/ucode/ucode_node_object_builder_service/node_modules/mongodb/lib/cmap/connection.js:230:30)\n' +
      '    at MessageStream.<anonymous> (/home/tolib/Desktop/ucode/ucode_node_object_builder_service/node_modules/mongodb/lib/cmap/connection.js:61:60)\n' +
      '    at MessageStream.emit (node:events:513:28)\n' +
      '    at processIncomingData (/home/tolib/Desktop/ucode/ucode_node_object_builder_service/node_modules/mongodb/lib/cmap/message_stream.js:125:16)\n' +
      '    at MessageStream._write (/home/tolib/Desktop/ucode/ucode_node_object_builder_service/node_modules/mongodb/lib/cmap/message_stream.js:33:9)\n' +
      '    at writeOrBuffer (node:internal/streams/writable:392:12)\n' +
      '    at _write (node:internal/streams/writable:333:10)\n' +
      '    at Writable.write (node:internal/streams/writable:337:10)\n' +
      '    at Socket.ondata (node:internal/streams/readable:766:22)\n' +
      '    at Socket.emit (node:events:513:28)\n' +
      '    at addChunk (node:internal/streams/readable:324:12)\n' +
      '    at readableAddChunk (node:internal/streams/readable:297:9)\n' +
      '    at Readable.push (node:internal/streams/readable:234:10)\n' +
      '    at TCP.onStreamRead (node:internal/stream_base_commons:190:23)'
  },
  [Symbol(errorLabels)]: Set(2) { 'HandshakeError', 'ResetPool' }
}
{
  message: 'service.tableHelpersStore.exportToJSON: failed with error: No tables',
  level: 'error',
  timestamp: '2023-01-26T09:33:17.975Z',
  label: 'object_builder_service',
  metadata: {}
}
{
  message: 'mongo connection error Authentication failed.',
  level: 'error',
  timestamp: '2023-01-26T09:39:05.148Z',
  label: 'object_builder_service',
  metadata: {
    ok: 0,
    code: 18,
    codeName: 'AuthenticationFailed',
    connectionGeneration: 0,
    stack: 'MongoServerError: Authentication failed.\n' +
      '    at Connection.onMessage (/home/tolib/Desktop/ucode/ucode_node_object_builder_service/node_modules/mongodb/lib/cmap/connection.js:230:30)\n' +
      '    at MessageStream.<anonymous> (/home/tolib/Desktop/ucode/ucode_node_object_builder_service/node_modules/mongodb/lib/cmap/connection.js:61:60)\n' +
      '    at MessageStream.emit (node:events:513:28)\n' +
      '    at processIncomingData (/home/tolib/Desktop/ucode/ucode_node_object_builder_service/node_modules/mongodb/lib/cmap/message_stream.js:125:16)\n' +
      '    at MessageStream._write (/home/tolib/Desktop/ucode/ucode_node_object_builder_service/node_modules/mongodb/lib/cmap/message_stream.js:33:9)\n' +
      '    at writeOrBuffer (node:internal/streams/writable:392:12)\n' +
      '    at _write (node:internal/streams/writable:333:10)\n' +
      '    at Writable.write (node:internal/streams/writable:337:10)\n' +
      '    at Socket.ondata (node:internal/streams/readable:766:22)\n' +
      '    at Socket.emit (node:events:513:28)\n' +
      '    at addChunk (node:internal/streams/readable:324:12)\n' +
      '    at readableAddChunk (node:internal/streams/readable:297:9)\n' +
      '    at Readable.push (node:internal/streams/readable:234:10)\n' +
      '    at TCP.onStreamRead (node:internal/stream_base_commons:190:23)'
  },
  [Symbol(errorLabels)]: Set(2) { 'HandshakeError', 'ResetPool' }
}
{
  message: 'service.tableHelpersStore.importFromJSON: failed with error: Unexpected end of JSON input',
  level: 'error',
  timestamp: '2023-01-26T09:39:32.915Z',
  label: 'object_builder_service',
  metadata: {}
}
{
  message: 'service.tableHelpersStore.importFromJSON: failed with error: Unexpected end of JSON input',
  level: 'error',
  timestamp: '2023-01-26T09:40:08.412Z',
  label: 'object_builder_service',
  metadata: {}
}
{
  message: 'service.tableHelpersStore.importFromJSON: failed with error: Unexpected end of JSON input',
  level: 'error',
  timestamp: '2023-01-26T09:42:49.631Z',
  label: 'object_builder_service',
  metadata: {}
}
{
  message: 'mongo connection error Authentication failed.',
  level: 'error',
  timestamp: '2023-01-26T09:43:13.831Z',
  label: 'object_builder_service',
  metadata: {
    ok: 0,
    code: 18,
    codeName: 'AuthenticationFailed',
    connectionGeneration: 0,
    stack: 'MongoServerError: Authentication failed.\n' +
      '    at Connection.onMessage (/home/tolib/Desktop/ucode/ucode_node_object_builder_service/node_modules/mongodb/lib/cmap/connection.js:230:30)\n' +
      '    at MessageStream.<anonymous> (/home/tolib/Desktop/ucode/ucode_node_object_builder_service/node_modules/mongodb/lib/cmap/connection.js:61:60)\n' +
      '    at MessageStream.emit (node:events:513:28)\n' +
      '    at processIncomingData (/home/tolib/Desktop/ucode/ucode_node_object_builder_service/node_modules/mongodb/lib/cmap/message_stream.js:125:16)\n' +
      '    at MessageStream._write (/home/tolib/Desktop/ucode/ucode_node_object_builder_service/node_modules/mongodb/lib/cmap/message_stream.js:33:9)\n' +
      '    at writeOrBuffer (node:internal/streams/writable:392:12)\n' +
      '    at _write (node:internal/streams/writable:333:10)\n' +
      '    at Writable.write (node:internal/streams/writable:337:10)\n' +
      '    at Socket.ondata (node:internal/streams/readable:766:22)\n' +
      '    at Socket.emit (node:events:513:28)\n' +
      '    at addChunk (node:internal/streams/readable:324:12)\n' +
      '    at readableAddChunk (node:internal/streams/readable:297:9)\n' +
      '    at Readable.push (node:internal/streams/readable:234:10)\n' +
      '    at TCP.onStreamRead (node:internal/stream_base_commons:190:23)'
  },
  [Symbol(errorLabels)]: Set(2) { 'HandshakeError', 'ResetPool' }
}
{
  message: 'mongo connection error Authentication failed.',
  level: 'error',
  timestamp: '2023-01-26T09:48:17.464Z',
  label: 'object_builder_service',
  metadata: {
    ok: 0,
    code: 18,
    codeName: 'AuthenticationFailed',
    connectionGeneration: 0,
    stack: 'MongoServerError: Authentication failed.\n' +
      '    at Connection.onMessage (/home/tolib/Desktop/ucode/ucode_node_object_builder_service/node_modules/mongodb/lib/cmap/connection.js:230:30)\n' +
      '    at MessageStream.<anonymous> (/home/tolib/Desktop/ucode/ucode_node_object_builder_service/node_modules/mongodb/lib/cmap/connection.js:61:60)\n' +
      '    at MessageStream.emit (node:events:513:28)\n' +
      '    at processIncomingData (/home/tolib/Desktop/ucode/ucode_node_object_builder_service/node_modules/mongodb/lib/cmap/message_stream.js:125:16)\n' +
      '    at MessageStream._write (/home/tolib/Desktop/ucode/ucode_node_object_builder_service/node_modules/mongodb/lib/cmap/message_stream.js:33:9)\n' +
      '    at writeOrBuffer (node:internal/streams/writable:392:12)\n' +
      '    at _write (node:internal/streams/writable:333:10)\n' +
      '    at Writable.write (node:internal/streams/writable:337:10)\n' +
      '    at Socket.ondata (node:internal/streams/readable:766:22)\n' +
      '    at Socket.emit (node:events:513:28)\n' +
      '    at addChunk (node:internal/streams/readable:324:12)\n' +
      '    at readableAddChunk (node:internal/streams/readable:297:9)\n' +
      '    at Readable.push (node:internal/streams/readable:234:10)\n' +
      '    at TCP.onStreamRead (node:internal/stream_base_commons:190:23)'
  },
  [Symbol(errorLabels)]: Set(2) { 'HandshakeError', 'ResetPool' }
}
{
  message: 'service.tableHelpersStore.importFromJSON: failed with error: View validation failed: commit_id: commit_id is required',
  level: 'error',
  timestamp: '2023-01-26T09:48:51.066Z',
  label: 'object_builder_service',
  metadata: {}
}
